[32m[Nest] 17500  - [39m02.05.2026, 22:13:17 [32m    LOG[39m [38;5;3m[NestFactory] [39m[32mStarting Nest application...[39m
[32m[Nest] 17500  - [39m02.05.2026, 22:13:17 [32m    LOG[39m [38;5;3m[InstanceLoader] [39m[32mAppModule dependencies initialized[39m[38;5;3m +115ms[39m
[32m[Nest] 17500  - [39m02.05.2026, 22:13:17 [32m    LOG[39m [38;5;3m[InstanceLoader] [39m[32mTypeOrmModule dependencies initialized[39m[38;5;3m +2ms[39m
[32m[Nest] 17500  - [39m02.05.2026, 22:13:17 [32m    LOG[39m [38;5;3m[InstanceLoader] [39m[32mPassportModule dependencies initialized[39m[38;5;3m +1ms[39m
[32m[Nest] 17500  - [39m02.05.2026, 22:13:17 [32m    LOG[39m [38;5;3m[InstanceLoader] [39m[32mJwtModule dependencies initialized[39m[38;5;3m +0ms[39m
[32m[Nest] 17500  - [39m02.05.2026, 22:13:17 [32m    LOG[39m [38;5;3m[InstanceLoader] [39m[32mDomainModule dependencies initialized[39m[38;5;3m +1ms[39m
[32m[Nest] 17500  - [39m02.05.2026, 22:13:20 [32m    LOG[39m [38;5;3m[InstanceLoader] [39m[32mTypeOrmCoreModule dependencies initialized[39m[38;5;3m +2631ms[39m
[32m[Nest] 17500  - [39m02.05.2026, 22:13:20 [32m    LOG[39m [38;5;3m[InstanceLoader] [39m[32mTypeOrmModule dependencies initialized[39m[38;5;3m +1ms[39m
[32m[Nest] 17500  - [39m02.05.2026, 22:13:20 [32m    LOG[39m [38;5;3m[InstanceLoader] [39m[32mTypeOrmModule dependencies initialized[39m[38;5;3m +0ms[39m
[32m[Nest] 17500  - [39m02.05.2026, 22:13:20 [32m    LOG[39m [38;5;3m[InstanceLoader] [39m[32mTypeOrmModule dependencies initialized[39m[38;5;3m +0ms[39m
[32m[Nest] 17500  - [39m02.05.2026, 22:13:20 [32m    LOG[39m [38;5;3m[InstanceLoader] [39m[32mTypeOrmModule dependencies initialized[39m[38;5;3m +1ms[39m
[32m[Nest] 17500  - [39m02.05.2026, 22:13:20 [32m    LOG[39m [38;5;3m[InstanceLoader] [39m[32mTypeOrmModule dependencies initialized[39m[38;5;3m +0ms[39m
[32m[Nest] 17500  - [39m02.05.2026, 22:13:20 [32m    LOG[39m [38;5;3m[InstanceLoader] [39m[32mTypeOrmModule dependencies initialized[39m[38;5;3m +0ms[39m
[32m[Nest] 17500  - [39m02.05.2026, 22:13:20 [32m    LOG[39m [38;5;3m[InstanceLoader] [39m[32mTypeOrmModule dependencies initialized[39m[38;5;3m +0ms[39m
[32m[Nest] 17500  - [39m02.05.2026, 22:13:20 [32m    LOG[39m [38;5;3m[InstanceLoader] [39m[32mTypeOrmModule dependencies initialized[39m[38;5;3m +0ms[39m
[32m[Nest] 17500  - [39m02.05.2026, 22:13:20 [32m    LOG[39m [38;5;3m[InstanceLoader] [39m[32mTypeOrmModule dependencies initialized[39m[38;5;3m +0ms[39m
[32m[Nest] 17500  - [39m02.05.2026, 22:13:20 [32m    LOG[39m [38;5;3m[InstanceLoader] [39m[32mTypeOrmModule dependencies initialized[39m[38;5;3m +0ms[39m
[32m[Nest] 17500  - [39m02.05.2026, 22:13:20 [32m    LOG[39m [38;5;3m[InstanceLoader] [39m[32mTypeOrmModule dependencies initialized[39m[38;5;3m +1ms[39m
[32m[Nest] 17500  - [39m02.05.2026, 22:13:20 [32m    LOG[39m [38;5;3m[InstanceLoader] [39m[32mTypeOrmModule dependencies initialized[39m[38;5;3m +0ms[39m
[32m[Nest] 17500  - [39m02.05.2026, 22:13:20 [32m    LOG[39m [38;5;3m[InstanceLoader] [39m[32mTypeOrmModule dependencies initialized[39m[38;5;3m +0ms[39m
[32m[Nest] 17500  - [39m02.05.2026, 22:13:20 [32m    LOG[39m [38;5;3m[InstanceLoader] [39m[32mTypeOrmModule dependencies initialized[39m[38;5;3m +0ms[39m
[32m[Nest] 17500  - [39m02.05.2026, 22:13:20 [32m    LOG[39m [38;5;3m[InstanceLoader] [39m[32mTypeOrmModule dependencies initialized[39m[38;5;3m +0ms[39m
[32m[Nest] 17500  - [39m02.05.2026, 22:13:20 [32m    LOG[39m [38;5;3m[InstanceLoader] [39m[32mTypeOrmModule dependencies initialized[39m[38;5;3m +0ms[39m
[32m[Nest] 17500  - [39m02.05.2026, 22:13:20 [32m    LOG[39m [38;5;3m[InstanceLoader] [39m[32mTypeOrmModule dependencies initialized[39m[38;5;3m +0ms[39m
[32m[Nest] 17500  - [39m02.05.2026, 22:13:20 [32m    LOG[39m [38;5;3m[InstanceLoader] [39m[32mTypeOrmModule dependencies initialized[39m[38;5;3m +1ms[39m
[32m[Nest] 17500  - [39m02.05.2026, 22:13:20 [32m    LOG[39m [38;5;3m[InstanceLoader] [39m[32mUserModule dependencies initialized[39m[38;5;3m +1ms[39m
[32m[Nest] 17500  - [39m02.05.2026, 22:13:20 [32m    LOG[39m [38;5;3m[InstanceLoader] [39m[32mAuthModule dependencies initialized[39m[38;5;3m +2ms[39m
[32m[Nest] 17500  - [39m02.05.2026, 22:13:20 [32m    LOG[39m [38;5;3m[InstanceLoader] [39m[32mSchedulerModule dependencies initialized[39m[38;5;3m +1ms[39m
[32m[Nest] 17500  - [39m02.05.2026, 22:13:20 [32m    LOG[39m [38;5;3m[InstanceLoader] [39m[32mWorkoutModule dependencies initialized[39m[38;5;3m +0ms[39m
[32m[Nest] 17500  - [39m02.05.2026, 22:13:20 [32m    LOG[39m [38;5;3m[InstanceLoader] [39m[32mMealPrepModule dependencies initialized[39m[38;5;3m +0ms[39m
[32m[Nest] 17500  - [39m02.05.2026, 22:13:20 [32m    LOG[39m [38;5;3m[InstanceLoader] [39m[32mSchedulerSettingsModule dependencies initialized[39m[38;5;3m +1ms[39m
[32m[Nest] 17500  - [39m02.05.2026, 22:13:20 [32m    LOG[39m [38;5;3m[InstanceLoader] [39m[32mWeeklyProgressModule dependencies initialized[39m[38;5;3m +0ms[39m
[32m[Nest] 17500  - [39m02.05.2026, 22:13:20 [32m    LOG[39m [38;5;3m[InstanceLoader] [39m[32mNoteModule dependencies initialized[39m[38;5;3m +0ms[39m
[32m[Nest] 17500  - [39m02.05.2026, 22:13:20 [32m    LOG[39m [38;5;3m[InstanceLoader] [39m[32mEnergyCheckInModule dependencies initialized[39m[38;5;3m +0ms[39m
[32m[Nest] 17500  - [39m02.05.2026, 22:13:20 [32m    LOG[39m [38;5;3m[InstanceLoader] [39m[32mSymptomLogModule dependencies initialized[39m[38;5;3m +0ms[39m
[32m[Nest] 17500  - [39m02.05.2026, 22:13:20 [32m    LOG[39m [38;5;3m[InstanceLoader] [39m[32mWorkoutLogModule dependencies initialized[39m[38;5;3m +0ms[39m
[32m[Nest] 17500  - [39m02.05.2026, 22:13:20 [32m    LOG[39m [38;5;3m[InstanceLoader] [39m[32mStatsModule dependencies initialized[39m[38;5;3m +0ms[39m
[32m[Nest] 17500  - [39m02.05.2026, 22:13:20 [32m    LOG[39m [38;5;3m[InstanceLoader] [39m[32mCalendarEventModule dependencies initialized[39m[38;5;3m +1ms[39m
[32m[Nest] 17500  - [39m02.05.2026, 22:13:20 [32m    LOG[39m [38;5;3m[InstanceLoader] [39m[32mRaceDayPlanModule dependencies initialized[39m[38;5;3m +0ms[39m
[32m[Nest] 17500  - [39m02.05.2026, 22:13:20 [32m    LOG[39m [38;5;3m[InstanceLoader] [39m[32mCalendarShareModule dependencies initialized[39m[38;5;3m +0ms[39m
[32m[Nest] 17500  - [39m02.05.2026, 22:13:20 [32m    LOG[39m [38;5;3m[InstanceLoader] [39m[32mEventInvitationModule dependencies initialized[39m[38;5;3m +0ms[39m
[32m[Nest] 17500  - [39m02.05.2026, 22:13:20 [32m    LOG[39m [38;5;3m[InstanceLoader] [39m[32mCycleProfileModule dependencies initialized[39m[38;5;3m +1ms[39m
[32m[Nest] 17500  - [39m02.05.2026, 22:13:20 [32m    LOG[39m [38;5;3m[InstanceLoader] [39m[32mPlannedSessionModule dependencies initialized[39m[38;5;3m +0ms[39m
[32m[Nest] 17500  - [39m02.05.2026, 22:13:20 [32m    LOG[39m [38;5;3m[InstanceLoader] [39m[32mTrainingPlanModule dependencies initialized[39m[38;5;3m +0ms[39m
[32m[Nest] 17500  - [39m02.05.2026, 22:13:20 [32m    LOG[39m [38;5;3m[InstanceLoader] [39m[32mAiModule dependencies initialized[39m[38;5;3m +0ms[39m
Running in DATABASE mode
[32m[Nest] 17500  - [39m02.05.2026, 22:13:20 [32m    LOG[39m [38;5;3m[RoutesResolver] [39m[32mAuthController {/api/v1/auth}:[39m[38;5;3m +33ms[39m
[32m[Nest] 17500  - [39m02.05.2026, 22:13:20 [32m    LOG[39m [38;5;3m[RouterExplorer] [39m[32mMapped {/api/v1/auth/register, POST} route[39m[38;5;3m +3ms[39m
[32m[Nest] 17500  - [39m02.05.2026, 22:13:20 [32m    LOG[39m [38;5;3m[RouterExplorer] [39m[32mMapped {/api/v1/auth/login, POST} route[39m[38;5;3m +0ms[39m
[32m[Nest] 17500  - [39m02.05.2026, 22:13:20 [32m    LOG[39m [38;5;3m[RoutesResolver] [39m[32mWorkoutController {/api/v1/workouts}:[39m[38;5;3m +1ms[39m
[32m[Nest] 17500  - [39m02.05.2026, 22:13:20 [32m    LOG[39m [38;5;3m[RouterExplorer] [39m[32mMapped {/api/v1/workouts, GET} route[39m[38;5;3m +0ms[39m
[32m[Nest] 17500  - [39m02.05.2026, 22:13:20 [32m    LOG[39m [38;5;3m[RouterExplorer] [39m[32mMapped {/api/v1/workouts/:id, GET} route[39m[38;5;3m +0ms[39m
[32m[Nest] 17500  - [39m02.05.2026, 22:13:20 [32m    LOG[39m [38;5;3m[RouterExplorer] [39m[32mMapped {/api/v1/workouts, POST} route[39m[38;5;3m +1ms[39m
[32m[Nest] 17500  - [39m02.05.2026, 22:13:20 [32m    LOG[39m [38;5;3m[RouterExplorer] [39m[32mMapped {/api/v1/workouts/:id, PUT} route[39m[38;5;3m +0ms[39m
[32m[Nest] 17500  - [39m02.05.2026, 22:13:20 [32m    LOG[39m [38;5;3m[RouterExplorer] [39m[32mMapped {/api/v1/workouts/:id, DELETE} route[39m[38;5;3m +1ms[39m
[32m[Nest] 17500  - [39m02.05.2026, 22:13:20 [32m    LOG[39m [38;5;3m[RoutesResolver] [39m[32mCalendarEventController {/api/v1/calendar-events}:[39m[38;5;3m +0ms[39m
[32m[Nest] 17500  - [39m02.05.2026, 22:13:20 [32m    LOG[39m [38;5;3m[RouterExplorer] [39m[32mMapped {/api/v1/calendar-events, GET} route[39m[38;5;3m +0ms[39m
[32m[Nest] 17500  - [39m02.05.2026, 22:13:20 [32m    LOG[39m [38;5;3m[RouterExplorer] [39m[32mMapped {/api/v1/calendar-events/shared/:ownerId, GET} route[39m[38;5;3m +0ms[39m
[32m[Nest] 17500  - [39m02.05.2026, 22:13:20 [32m    LOG[39m [38;5;3m[RouterExplorer] [39m[32mMapped {/api/v1/calendar-events/:id, GET} route[39m[38;5;3m +1ms[39m
[32m[Nest] 17500  - [39m02.05.2026, 22:13:20 [32m    LOG[39m [38;5;3m[RouterExplorer] [39m[32mMapped {/api/v1/calendar-events, POST} route[39m[38;5;3m +0ms[39m
[32m[Nest] 17500  - [39m02.05.2026, 22:13:20 [32m    LOG[39m [38;5;3m[RouterExplorer] [39m[32mMapped {/api/v1/calendar-events/batch, POST} route[39m[38;5;3m +0ms[39m
[32m[Nest] 17500  - [39m02.05.2026, 22:13:20 [32m    LOG[39m [38;5;3m[RouterExplorer] [39m[32mMapped {/api/v1/calendar-events/replace-all, PUT} route[39m[38;5;3m +1ms[39m
[32m[Nest] 17500  - [39m02.05.2026, 22:13:20 [32m    LOG[39m [38;5;3m[RouterExplorer] [39m[32mMapped {/api/v1/calendar-events/:id, PUT} route[39m[38;5;3m +0ms[39m
[32m[Nest] 17500  - [39m02.05.2026, 22:13:20 [32m    LOG[39m [38;5;3m[RouterExplorer] [39m[32mMapped {/api/v1/calendar-events/:id, DELETE} route[39m[38;5;3m +0ms[39m
[32m[Nest] 17500  - [39m02.05.2026, 22:13:20 [32m    LOG[39m [38;5;3m[RoutesResolver] [39m[32mCalendarShareController {/api/v1/calendar-shares}:[39m[38;5;3m +0ms[39m
[32m[Nest] 17500  - [39m02.05.2026, 22:13:20 [32m    LOG[39m [38;5;3m[RouterExplorer] [39m[32mMapped {/api/v1/calendar-shares/outgoing, GET} route[39m[38;5;3m +1ms[39m
[32m[Nest] 17500  - [39m02.05.2026, 22:13:20 [32m    LOG[39m [38;5;3m[RouterExplorer] [39m[32mMapped {/api/v1/calendar-shares/incoming, GET} route[39m[38;5;3m +0ms[39m
[32m[Nest] 17500  - [39m02.05.2026, 22:13:20 [32m    LOG[39m [38;5;3m[RouterExplorer] [39m[32mMapped {/api/v1/calendar-shares, POST} route[39m[38;5;3m +0ms[39m
[32m[Nest] 17500  - [39m02.05.2026, 22:13:20 [32m    LOG[39m [38;5;3m[RouterExplorer] [39m[32mMapped {/api/v1/calendar-shares/:id, PUT} route[39m[38;5;3m +0ms[39m
[32m[Nest] 17500  - [39m02.05.2026, 22:13:20 [32m    LOG[39m [38;5;3m[RouterExplorer] [39m[32mMapped {/api/v1/calendar-shares/:id, DELETE} route[39m[38;5;3m +0ms[39m
[32m[Nest] 17500  - [39m02.05.2026, 22:13:20 [32m    LOG[39m [38;5;3m[RoutesResolver] [39m[32mEventInvitationController {/api/v1/event-invitations}:[39m[38;5;3m +1ms[39m
[32m[Nest] 17500  - [39m02.05.2026, 22:13:20 [32m    LOG[39m [38;5;3m[RouterExplorer] [39m[32mMapped {/api/v1/event-invitations, POST} route[39m[38;5;3m +0ms[39m
[32m[Nest] 17500  - [39m02.05.2026, 22:13:20 [32m    LOG[39m [38;5;3m[RouterExplorer] [39m[32mMapped {/api/v1/event-invitations/incoming, GET} route[39m[38;5;3m +0ms[39m
[32m[Nest] 17500  - [39m02.05.2026, 22:13:20 [32m    LOG[39m [38;5;3m[RouterExplorer] [39m[32mMapped {/api/v1/event-invitations/outgoing, GET} route[39m[38;5;3m +0ms[39m
[32m[Nest] 17500  - [39m02.05.2026, 22:13:20 [32m    LOG[39m [38;5;3m[RouterExplorer] [39m[32mMapped {/api/v1/event-invitations/:id/respond, PUT} route[39m[38;5;3m +1ms[39m
[32m[Nest] 17500  - [39m02.05.2026, 22:13:20 [32m    LOG[39m [38;5;3m[RouterExplorer] [39m[32mMapped {/api/v1/event-invitations/:id, DELETE} route[39m[38;5;3m +0ms[39m
[32m[Nest] 17500  - [39m02.05.2026, 22:13:20 [32m    LOG[39m [38;5;3m[RoutesResolver] [39m[32mMealPrepController {/api/v1/mealprep-settings}:[39m[38;5;3m +0ms[39m
[32m[Nest] 17500  - [39m02.05.2026, 22:13:20 [32m    LOG[39m [38;5;3m[RouterExplorer] [39m[32mMapped {/api/v1/mealprep-settings, GET} route[39m[38;5;3m +1ms[39m
[32m[Nest] 17500  - [39m02.05.2026, 22:13:20 [32m    LOG[39m [38;5;3m[RouterExplorer] [39m[32mMapped {/api/v1/mealprep-settings, PUT} route[39m[38;5;3m +0ms[39m
[32m[Nest] 17500  - [39m02.05.2026, 22:13:20 [32m    LOG[39m [38;5;3m[RoutesResolver] [39m[32mSchedulerSettingsController {/api/v1/scheduler-settings}:[39m[38;5;3m +1ms[39m
[32m[Nest] 17500  - [39m02.05.2026, 22:13:20 [32m    LOG[39m [38;5;3m[RouterExplorer] [39m[32mMapped {/api/v1/scheduler-settings, GET} route[39m[38;5;3m +0ms[39m
[32m[Nest] 17500  - [39m02.05.2026, 22:13:20 [32m    LOG[39m [38;5;3m[RouterExplorer] [39m[32mMapped {/api/v1/scheduler-settings, PUT} route[39m[38;5;3m +1ms[39m
[32m[Nest] 17500  - [39m02.05.2026, 22:13:20 [32m    LOG[39m [38;5;3m[RoutesResolver] [39m[32mTrainingPlanController {/api/v1/plans}:[39m[38;5;3m +0ms[39m
[32m[Nest] 17500  - [39m02.05.2026, 22:13:20 [32m    LOG[39m [38;5;3m[RouterExplorer] [39m[32mMapped {/api/v1/plans, POST} route[39m[38;5;3m +0ms[39m
[32m[Nest] 17500  - [39m02.05.2026, 22:13:20 [32m    LOG[39m [38;5;3m[RouterExplorer] [39m[32mMapped {/api/v1/plans, GET} route[39m[38;5;3m +1ms[39m
[32m[Nest] 17500  - [39m02.05.2026, 22:13:20 [32m    LOG[39m [38;5;3m[RouterExplorer] [39m[32mMapped {/api/v1/plans/:id, GET} route[39m[38;5;3m +0ms[39m
[32m[Nest] 17500  - [39m02.05.2026, 22:13:20 [32m    LOG[39m [38;5;3m[RouterExplorer] [39m[32mMapped {/api/v1/plans/:id, PUT} route[39m[38;5;3m +0ms[39m
[32m[Nest] 17500  - [39m02.05.2026, 22:13:20 [32m    LOG[39m [38;5;3m[RouterExplorer] [39m[32mMapped {/api/v1/plans/:id, DELETE} route[39m[38;5;3m +0ms[39m
[32m[Nest] 17500  - [39m02.05.2026, 22:13:20 [32m    LOG[39m [38;5;3m[RouterExplorer] [39m[32mMapped {/api/v1/plans/:id/weeks, GET} route[39m[38;5;3m +1ms[39m
[32m[Nest] 17500  - [39m02.05.2026, 22:13:20 [32m    LOG[39m [38;5;3m[RouterExplorer] [39m[32mMapped {/api/v1/plans/:id/weeks/:weekNum, GET} route[39m[38;5;3m +0ms[39m
[32m[Nest] 17500  - [39m02.05.2026, 22:13:20 [32m    LOG[39m [38;5;3m[RouterExplorer] [39m[32mMapped {/api/v1/plans/:id/generate, POST} route[39m[38;5;3m +0ms[39m
[32m[Nest] 17500  - [39m02.05.2026, 22:13:20 [32m    LOG[39m [38;5;3m[RoutesResolver] [39m[32mPlannedSessionController {/api/v1/sessions}:[39m[38;5;3m +0ms[39m
[32m[Nest] 17500  - [39m02.05.2026, 22:13:20 [32m    LOG[39m [38;5;3m[RouterExplorer] [39m[32mMapped {/api/v1/sessions/:planId/week/:weekNum, GET} route[39m[38;5;3m +1ms[39m
[32m[Nest] 17500  - [39m02.05.2026, 22:13:20 [32m    LOG[39m [38;5;3m[RouterExplorer] [39m[32mMapped {/api/v1/sessions/:id/complete, PUT} route[39m[38;5;3m +0ms[39m
[32m[Nest] 17500  - [39m02.05.2026, 22:13:20 [32m    LOG[39m [38;5;3m[RouterExplorer] [39m[32mMapped {/api/v1/sessions/:id/skip, PUT} route[39m[38;5;3m +1ms[39m
[32m[Nest] 17500  - [39m02.05.2026, 22:13:20 [32m    LOG[39m [38;5;3m[RouterExplorer] [39m[32mMapped {/api/v1/sessions/:id/move, PUT} route[39m[38;5;3m +0ms[39m
[32m[Nest] 17500  - [39m02.05.2026, 22:13:20 [32m    LOG[39m [38;5;3m[RouterExplorer] [39m[32mMapped {/api/v1/sessions/:id/schedule, PUT} route[39m[38;5;3m +1ms[39m
[32m[Nest] 17500  - [39m02.05.2026, 22:13:20 [32m    LOG[39m [38;5;3m[RouterExplorer] [39m[32mMapped {/api/v1/sessions/:id/schedule-now, PUT} route[39m[38;5;3m +0ms[39m
[32m[Nest] 17500  - [39m02.05.2026, 22:13:20 [32m    LOG[39m [38;5;3m[RoutesResolver] [39m[32mWeeklyProgressController {/api/v1/progress}:[39m[38;5;3m +0ms[39m
[32m[Nest] 17500  - [39m02.05.2026, 22:13:20 [32m    LOG[39m [38;5;3m[RouterExplorer] [39m[32mMapped {/api/v1/progress/:planId, GET} route[39m[38;5;3m +1ms[39m
[32m[Nest] 17500  - [39m02.05.2026, 22:13:20 [32m    LOG[39m [38;5;3m[RouterExplorer] [39m[32mMapped {/api/v1/progress/:planId/current, GET} route[39m[38;5;3m +0ms[39m
[32m[Nest] 17500  - [39m02.05.2026, 22:13:20 [32m    LOG[39m [38;5;3m[RouterExplorer] [39m[32mMapped {/api/v1/progress/:planId, POST} route[39m[38;5;3m +0ms[39m
[32m[Nest] 17500  - [39m02.05.2026, 22:13:20 [32m    LOG[39m [38;5;3m[RoutesResolver] [39m[32mCycleProfileController {/api/v1/cycle}:[39m[38;5;3m +1ms[39m
[32m[Nest] 17500  - [39m02.05.2026, 22:13:20 [32m    LOG[39m [38;5;3m[RouterExplorer] [39m[32mMapped {/api/v1/cycle, GET} route[39m[38;5;3m +0ms[39m
[32m[Nest] 17500  - [39m02.05.2026, 22:13:20 [32m    LOG[39m [38;5;3m[RouterExplorer] [39m[32mMapped {/api/v1/cycle, PUT} route[39m[38;5;3m +0ms[39m
[32m[Nest] 17500  - [39m02.05.2026, 22:13:20 [32m    LOG[39m [38;5;3m[RouterExplorer] [39m[32mMapped {/api/v1/cycle/log-period, POST} route[39m[38;5;3m +0ms[39m
[32m[Nest] 17500  - [39m02.05.2026, 22:13:20 [32m    LOG[39m [38;5;3m[RouterExplorer] [39m[32mMapped {/api/v1/cycle/current-phase, GET} route[39m[38;5;3m +1ms[39m
[32m[Nest] 17500  - [39m02.05.2026, 22:13:20 [32m    LOG[39m [38;5;3m[RoutesResolver] [39m[32mNoteController {/api/v1/notes}:[39m[38;5;3m +0ms[39m
[32m[Nest] 17500  - [39m02.05.2026, 22:13:20 [32m    LOG[39m [38;5;3m[RouterExplorer] [39m[32mMapped {/api/v1/notes, GET} route[39m[38;5;3m +1ms[39m
[32m[Nest] 17500  - [39m02.05.2026, 22:13:20 [32m    LOG[39m [38;5;3m[RouterExplorer] [39m[32mMapped {/api/v1/notes/:id/sub-tasks, GET} route[39m[38;5;3m +0ms[39m
[32m[Nest] 17500  - [39m02.05.2026, 22:13:20 [32m    LOG[39m [38;5;3m[RouterExplorer] [39m[32mMapped {/api/v1/notes/:id, GET} route[39m[38;5;3m +0ms[39m
[32m[Nest] 17500  - [39m02.05.2026, 22:13:20 [32m    LOG[39m [38;5;3m[RouterExplorer] [39m[32mMapped {/api/v1/notes, POST} route[39m[38;5;3m +0ms[39m
[32m[Nest] 17500  - [39m02.05.2026, 22:13:20 [32m    LOG[39m [38;5;3m[RouterExplorer] [39m[32mMapped {/api/v1/notes/:id, PUT} route[39m[38;5;3m +1ms[39m
[32m[Nest] 17500  - [39m02.05.2026, 22:13:20 [32m    LOG[39m [38;5;3m[RouterExplorer] [39m[32mMapped {/api/v1/notes/:id/complete, PUT} route[39m[38;5;3m +0ms[39m
[32m[Nest] 17500  - [39m02.05.2026, 22:13:20 [32m    LOG[39m [38;5;3m[RouterExplorer] [39m[32mMapped {/api/v1/notes/:id, DELETE} route[39m[38;5;3m +0ms[39m
[32m[Nest] 17500  - [39m02.05.2026, 22:13:20 [32m    LOG[39m [38;5;3m[RouterExplorer] [39m[32mMapped {/api/v1/notes/:id/claim, POST} route[39m[38;5;3m +0ms[39m
[32m[Nest] 17500  - [39m02.05.2026, 22:13:20 [32m    LOG[39m [38;5;3m[RouterExplorer] [39m[32mMapped {/api/v1/notes/:id/unassign, POST} route[39m[38;5;3m +1ms[39m
[32m[Nest] 17500  - [39m02.05.2026, 22:13:20 [32m    LOG[39m [38;5;3m[RouterExplorer] [39m[32mMapped {/api/v1/notes/:id/subtask-status, PUT} route[39m[38;5;3m +0ms[39m
[32m[Nest] 17500  - [39m02.05.2026, 22:13:20 [32m    LOG[39m [38;5;3m[RoutesResolver] [39m[32mEnergyCheckInController {/api/v1/energy-check-ins}:[39m[38;5;3m +0ms[39m
[32m[Nest] 17500  - [39m02.05.2026, 22:13:20 [32m    LOG[39m [38;5;3m[RouterExplorer] [39m[32mMapped {/api/v1/energy-check-ins, GET} route[39m[38;5;3m +0ms[39m
[32m[Nest] 17500  - [39m02.05.2026, 22:13:20 [32m    LOG[39m [38;5;3m[RouterExplorer] [39m[32mMapped {/api/v1/energy-check-ins/today, GET} route[39m[38;5;3m +1ms[39m
[32m[Nest] 17500  - [39m02.05.2026, 22:13:20 [32m    LOG[39m [38;5;3m[RouterExplorer] [39m[32mMapped {/api/v1/energy-check-ins, POST} route[39m[38;5;3m +0ms[39m
[32m[Nest] 17500  - [39m02.05.2026, 22:13:20 [32m    LOG[39m [38;5;3m[RouterExplorer] [39m[32mMapped {/api/v1/energy-check-ins/:id, PUT} route[39m[38;5;3m +0ms[39m
[32m[Nest] 17500  - [39m02.05.2026, 22:13:20 [32m    LOG[39m [38;5;3m[RouterExplorer] [39m[32mMapped {/api/v1/energy-check-ins/:id, DELETE} route[39m[38;5;3m +0ms[39m
[32m[Nest] 17500  - [39m02.05.2026, 22:13:20 [32m    LOG[39m [38;5;3m[RoutesResolver] [39m[32mSymptomLogController {/api/v1/symptom-logs}:[39m[38;5;3m +1ms[39m
[32m[Nest] 17500  - [39m02.05.2026, 22:13:20 [32m    LOG[39m [38;5;3m[RouterExplorer] [39m[32mMapped {/api/v1/symptom-logs, GET} route[39m[38;5;3m +0ms[39m
[32m[Nest] 17500  - [39m02.05.2026, 22:13:20 [32m    LOG[39m [38;5;3m[RouterExplorer] [39m[32mMapped {/api/v1/symptom-logs/today, GET} route[39m[38;5;3m +0ms[39m
[32m[Nest] 17500  - [39m02.05.2026, 22:13:20 [32m    LOG[39m [38;5;3m[RouterExplorer] [39m[32mMapped {/api/v1/symptom-logs, POST} route[39m[38;5;3m +0ms[39m
[32m[Nest] 17500  - [39m02.05.2026, 22:13:20 [32m    LOG[39m [38;5;3m[RouterExplorer] [39m[32mMapped {/api/v1/symptom-logs/:id, PUT} route[39m[38;5;3m +1ms[39m
[32m[Nest] 17500  - [39m02.05.2026, 22:13:20 [32m    LOG[39m [38;5;3m[RouterExplorer] [39m[32mMapped {/api/v1/symptom-logs/:id, DELETE} route[39m[38;5;3m +0ms[39m
[32m[Nest] 17500  - [39m02.05.2026, 22:13:20 [32m    LOG[39m [38;5;3m[RoutesResolver] [39m[32mWorkoutLogController {/api/v1/workout-logs}:[39m[38;5;3m +1ms[39m
[32m[Nest] 17500  - [39m02.05.2026, 22:13:20 [32m    LOG[39m [38;5;3m[RouterExplorer] [39m[32mMapped {/api/v1/workout-logs, POST} route[39m[38;5;3m +0ms[39m
[32m[Nest] 17500  - [39m02.05.2026, 22:13:20 [32m    LOG[39m [38;5;3m[RouterExplorer] [39m[32mMapped {/api/v1/workout-logs, GET} route[39m[38;5;3m +1ms[39m
[32m[Nest] 17500  - [39m02.05.2026, 22:13:20 [32m    LOG[39m [38;5;3m[RouterExplorer] [39m[32mMapped {/api/v1/workout-logs/session/:sessionId, GET} route[39m[38;5;3m +0ms[39m
[32m[Nest] 17500  - [39m02.05.2026, 22:13:20 [32m    LOG[39m [38;5;3m[RouterExplorer] [39m[32mMapped {/api/v1/workout-logs/:id, GET} route[39m[38;5;3m +1ms[39m
[32m[Nest] 17500  - [39m02.05.2026, 22:13:20 [32m    LOG[39m [38;5;3m[RouterExplorer] [39m[32mMapped {/api/v1/workout-logs/:id, PUT} route[39m[38;5;3m +0ms[39m
[32m[Nest] 17500  - [39m02.05.2026, 22:13:20 [32m    LOG[39m [38;5;3m[RoutesResolver] [39m[32mStatsController {/api/v1/stats}:[39m[38;5;3m +0ms[39m
[32m[Nest] 17500  - [39m02.05.2026, 22:13:20 [32m    LOG[39m [38;5;3m[RouterExplorer] [39m[32mMapped {/api/v1/stats/summary, GET} route[39m[38;5;3m +0ms[39m
[32m[Nest] 17500  - [39m02.05.2026, 22:13:20 [32m    LOG[39m [38;5;3m[RouterExplorer] [39m[32mMapped {/api/v1/stats/weekly, GET} route[39m[38;5;3m +1ms[39m
[32m[Nest] 17500  - [39m02.05.2026, 22:13:20 [32m    LOG[39m [38;5;3m[RouterExplorer] [39m[32mMapped {/api/v1/stats/streaks, GET} route[39m[38;5;3m +0ms[39m
[32m[Nest] 17500  - [39m02.05.2026, 22:13:20 [32m    LOG[39m [38;5;3m[RouterExplorer] [39m[32mMapped {/api/v1/stats/sport/:sportType, GET} route[39m[38;5;3m +0ms[39m
[32m[Nest] 17500  - [39m02.05.2026, 22:13:20 [32m    LOG[39m [38;5;3m[RoutesResolver] [39m[32mCoachController {/api/v1/coach}:[39m[38;5;3m +0ms[39m
[32m[Nest] 17500  - [39m02.05.2026, 22:13:20 [32m    LOG[39m [38;5;3m[RouterExplorer] [39m[32mMapped {/api/v1/coach/chat, POST} route[39m[38;5;3m +0ms[39m
[32m[Nest] 17500  - [39m02.05.2026, 22:13:20 [32m    LOG[39m [38;5;3m[RoutesResolver] [39m[32mRaceDayPlanController {/api/v1/race-day-plans}:[39m[38;5;3m +1ms[39m
[32m[Nest] 17500  - [39m02.05.2026, 22:13:20 [32m    LOG[39m [38;5;3m[RouterExplorer] [39m[32mMapped {/api/v1/race-day-plans, GET} route[39m[38;5;3m +0ms[39m
[32m[Nest] 17500  - [39m02.05.2026, 22:13:20 [32m    LOG[39m [38;5;3m[RouterExplorer] [39m[32mMapped {/api/v1/race-day-plans/plan/:planId, GET} route[39m[38;5;3m +1ms[39m
[32m[Nest] 17500  - [39m02.05.2026, 22:13:20 [32m    LOG[39m [38;5;3m[RouterExplorer] [39m[32mMapped {/api/v1/race-day-plans, POST} route[39m[38;5;3m +0ms[39m
[32m[Nest] 17500  - [39m02.05.2026, 22:13:20 [32m    LOG[39m [38;5;3m[RouterExplorer] [39m[32mMapped {/api/v1/race-day-plans/generate/:planId, POST} route[39m[38;5;3m +0ms[39m
[32m[Nest] 17500  - [39m02.05.2026, 22:13:20 [32m    LOG[39m [38;5;3m[RouterExplorer] [39m[32mMapped {/api/v1/race-day-plans/:id, PUT} route[39m[38;5;3m +1ms[39m
[32m[Nest] 17500  - [39m02.05.2026, 22:13:20 [32m    LOG[39m [38;5;3m[RouterExplorer] [39m[32mMapped {/api/v1/race-day-plans/:id, DELETE} route[39m[38;5;3m +0ms[39m
[32m[Nest] 17500  - [39m02.05.2026, 22:13:20 [32m    LOG[39m [38;5;3m[RoutesResolver] [39m[32mSchedulerController {/api/v1/scheduler}:[39m[38;5;3m +0ms[39m
[32m[Nest] 17500  - [39m02.05.2026, 22:13:20 [32m    LOG[39m [38;5;3m[RouterExplorer] [39m[32mMapped {/api/v1/scheduler/generate, POST} route[39m[38;5;3m +1ms[39m
[32m[Nest] 17500  - [39m02.05.2026, 22:13:20 [32m    LOG[39m [38;5;3m[RouterExplorer] [39m[32mMapped {/api/v1/scheduler/generate-plan, POST} route[39m[38;5;3m +0ms[39m
[32m[Nest] 17500  - [39m02.05.2026, 22:13:20 [32m    LOG[39m [38;5;3m[RouterExplorer] [39m[32mMapped {/api/v1/scheduler/reschedule-conflicts, POST} route[39m[38;5;3m +0ms[39m
[32m[Nest] 17500  - [39m02.05.2026, 22:13:20 [32m    LOG[39m [38;5;3m[RouterExplorer] [39m[32mMapped {/api/v1/scheduler/validate, POST} route[39m[38;5;3m +0ms[39m
[32m[Nest] 17500  - [39m02.05.2026, 22:13:20 [32m    LOG[39m [38;5;3m[RouterExplorer] [39m[32mMapped {/api/v1/scheduler/check-conflicts, POST} route[39m[38;5;3m +0ms[39m
[32m[Nest] 17500  - [39m02.05.2026, 22:13:20 [32m    LOG[39m [38;5;3m[RouterExplorer] [39m[32mMapped {/api/v1/scheduler/apply-conflicts, POST} route[39m[38;5;3m +1ms[39m
[32m[Nest] 17500  - [39m02.05.2026, 22:13:20 [32m    LOG[39m [38;5;3m[RouterExplorer] [39m[32mMapped {/api/v1/scheduler/score, POST} route[39m[38;5;3m +0ms[39m
[32m[Nest] 17500  - [39m02.05.2026, 22:13:20 [32m    LOG[39m [38;5;3m[UserSeedService] [39m[32mDemo user already exists[39m
[32m[Nest] 17500  - [39m02.05.2026, 22:13:20 [32m    LOG[39m [38;5;3m[NestApplication] [39m[32mNest application successfully started[39m[38;5;3m +3ms[39m
Backend running on http://localhost:3000
